<?xml version="1.0" encoding="UTF-8"?>
<!-- Generated by org.testng.reporters.JUnitReportReporter -->
<testsuite ignored="0" hostname="DESKTOP-UF8DG65" failures="0" tests="2" name="edit.EducacionIT_74161.Annotations" time="0.019" errors="0" timestamp="13 nov. 2024 23:59:50 GMT" skipped="0">
  <testcase classname="edit.EducacionIT_74161.Annotations" name="testCase1" time="0.016"/>
  <testcase classname="edit.EducacionIT_74161.Annotations" name="testCase2" time="0.003"/>
</testsuite> <!-- edit.EducacionIT_74161.Annotations -->
