<?xml version="1.0" encoding="UTF-8"?>
<!-- Generated by org.testng.reporters.JUnitReportReporter -->
<testsuite ignored="0" hostname="DESKTOP-UF8DG65" failures="0" tests="1" name="edit.EducacionIT_74161.PracticaM3_1" time="14.892" errors="0" timestamp="13 nov. 2024 23:12:48 GMT" skipped="0">
  <testcase classname="edit.EducacionIT_74161.PracticaM3_1" name="registrarUsuario" time="14.892"/>
</testsuite> <!-- edit.EducacionIT_74161.PracticaM3_1 -->
