<?xml version="1.0" encoding="UTF-8"?>
<!-- Generated by org.testng.reporters.JUnitReportReporter -->
<testsuite ignored="0" hostname="DESKTOP-UF8DG65" failures="0" tests="1" name="edit.EducacionIT_74161.PracticaM3" time="12.028" errors="0" timestamp="15 nov. 2024 18:27:43 GMT" skipped="0">
  <testcase classname="edit.EducacionIT_74161.PracticaM3" name="registrarUsuario" time="12.028"/>
</testsuite> <!-- edit.EducacionIT_74161.PracticaM3 -->
