<?xml version="1.0" encoding="UTF-8"?>
<!-- Generated by org.testng.reporters.JUnitReportReporter -->
<testsuite ignored="0" hostname="DESKTOP-UF8DG65" failures="0" tests="2" name="pruebas.CrossBrowserTest_1" time="32.019" errors="0" timestamp="15 nov. 2024 18:30:17 GMT" skipped="0">
  <testcase classname="pruebas.CrossBrowserTest_1" name="buscarPalabra" time="12.835"/>
  <testcase classname="pruebas.CrossBrowserTest_1" name="buscarPalabra" time="19.184"/>
</testsuite> <!-- pruebas.CrossBrowserTest_1 -->
