<?xml version="1.0" encoding="UTF-8"?>
<!-- Generated by org.testng.reporters.JUnitReportReporter -->
<testsuite hostname="DESKTOP-QQJINFP" failures="0" tests="1" name="edit.EducacionIT_74161.MobileEmulationTest" time="23.694" errors="0" timestamp="2024-11-27T20:08:10 ART" skipped="0">
  <testcase classname="edit.EducacionIT_74161.MobileEmulationTest" name="testMobileEmulation" time="23.694"/>
</testsuite> <!-- edit.EducacionIT_74161.MobileEmulationTest -->
