<?xml version="1.0" encoding="UTF-8"?>
<!-- Generated by org.testng.reporters.JUnitReportReporter -->
<testsuite ignored="0" hostname="DESKTOP-UF8DG65" failures="0" tests="1" name="pruebas.PracticaM4_1" time="1.202" errors="0" timestamp="15 nov. 2024 18:30:40 GMT" skipped="0">
  <testcase classname="pruebas.PracticaM4_1" name="irRegistroLogin" time="1.202"/>
</testsuite> <!-- pruebas.PracticaM4_1 -->
