<?xml version="1.0" encoding="UTF-8"?>
<!-- Generated by org.testng.reporters.JUnitReportReporter -->
<testsuite ignored="0" hostname="DESKTOP-UF8DG65" failures="0" tests="2" name="pruebas.CrossBrowserTest" time="27.325" errors="0" timestamp="15 nov. 2024 23:32:06 GMT" skipped="0">
  <testcase classname="pruebas.CrossBrowserTest" name="buscarPalabra" time="12.549"/>
  <testcase classname="pruebas.CrossBrowserTest" name="buscarPalabra" time="14.776"/>
</testsuite> <!-- pruebas.CrossBrowserTest -->
