<?xml version="1.0" encoding="UTF-8"?>
<!-- Generated by org.testng.reporters.JUnitReportReporter -->
<testsuite hostname="DESKTOP-QQJINFP" failures="0" tests="2" name="pruebas.PracticaM4" time="14.512" errors="0" timestamp="2024-11-20T20:24:37 ART" skipped="0">
  <testcase classname="pruebas.PracticaM4" name="login" time="10.104"/>
  <testcase classname="pruebas.PracticaM4" name="searchProduct" time="4.408"/>
</testsuite> <!-- pruebas.PracticaM4 -->
