<?xml version="1.0" encoding="UTF-8"?>
<!-- Generated by org.testng.reporters.JUnitReportReporter -->
<testsuite hostname="DESKTOP-QQJINFP" failures="0" tests="1" name="pruebas.PracticaM5b" time="0.379" errors="0" timestamp="2024-11-27T19:57:03 ART" skipped="0">
  <testcase classname="pruebas.PracticaM5b" name="alertaNotificacion" time="0.379"/>
</testsuite> <!-- pruebas.PracticaM5b -->
